
ROM used: 114 (3%)
          114 (3%) including unused fragments

          0 Average locations per line
          4 Average locations per statement

RAM used: 7 (3%) at main() level
          8 (3%) worst case

Stack used: 3 worst case (out of 8 total available)

Lines Stmts  %   Files
----- ----- ---  -----
   84    28 100  main.c
  379     0   0  C:\PROGRA~2\PICC\devices\16F690.h
   15     0   0  main.h
----- -----
  478    28 Total

Page ROM  %  RAM   Vol Diff  Functions:
---- --- --- ---   --- ----  ----------
0     17  15   1             @delay_ms1
0     34  30   0    32  1.0  main
0     50  44   0   211  3.1  button
 Inline        0    18  1.0  reset
 Inline        0    69  2.3  up_count
 Inline        0    69  2.3  down_count
0      9   8   0    32  1.0  display

Program metrics:
    Functions               6
    Statements              28
    Comments                108
    Volume (V)              681
    Difficilty (D)          10.7
    Effort to implement (E) 7305
    Time to implement (T)   7 minutes
    Est Delivered Bugs (B)  0
    Cyclomatic Complexity   5
    Maintainability (MI)    136

 Segment     Used  Free
-----------  ----  ----
00000-00003     4  0  
00004-007FF   110  1934  
00800-00EFF     0  1792  



