
ROM used: 72 (2%)
          72 (2%) including unused fragments

          0 Average locations per line
          10 Average locations per statement

RAM used: 7 (3%) at main() level
          8 (3%) worst case

Stack used: 1 worst case (out of 8 total available)

Lines Stmts  %   Files
----- ----- ---  -----
   37     7 100  E:\Digital Systems 3\Projects\16F690\Tutorial 2\main.c
  375     0   0  C:\PROGRA~1\PICC\devices\16F690.h
    3     0   0  E:\Digital Systems 3\Projects\16F690\Tutorial 2\main.h
----- -----
  415     7 Total

Page ROM  %  RAM   Vol Diff  Functions:
---- --- --- ---   --- ----  ----------
0     17  24   1             @delay_ms1
0     51  71   1   113  1.7  main

Program metrics:
    Functions               1
    Statements              7
    Comments                88
    Volume (V)              115
    Difficilty (D)          1.6
    Effort to implement (E) 184
    Time to implement (T)   0 minutes
    Est Delivered Bugs (B)  0
    Cyclomatic Complexity   1
    Maintainability (MI)    161

 Segment     Used  Free
-----------  ----  ----
00000-00003     4  0  
00004-007FF    68  1976  
00800-00FFF     0  2048  



