
ROM used: 129 (3%)
          129 (3%) including unused fragments

          0 Average locations per line
          11 Average locations per statement

RAM used: 16 (6%) at main() level
          22 (9%) worst case

Stack used: 1 worst case (out of 8 total available)

Lines Stmts  %   Files
----- ----- ---  -----
   59    12 100  H:\Digital Systems 3\Tutorial 6\Tutorial 6\main.c
  375     0   0  C:\PROGRA~1\PICC\devices\16F690.h
   13     0   0  H:\Digital Systems 3\Tutorial 6\Tutorial 6\main.h
----- -----
  447    12 Total

Page ROM  %  RAM   Vol Diff  Functions:
---- --- --- ---   --- ----  ----------
0     48  37   0    25  1.1  main
0     47  36   0    84  2.0  run
 Inline        3    88  2.8  display
 Inline        3             @DIV88
0     30  23   0    67  1.2  setup

Program metrics:
    Functions               4
    Statements              12
    Comments                94
    Volume (V)              399
    Difficilty (D)          6.9
    Effort to implement (E) 2766
    Time to implement (T)   3 minutes
    Est Delivered Bugs (B)  0
    Cyclomatic Complexity   1
    Maintainability (MI)    176

 Segment     Used  Free
-----------  ----  ----
00000-00003     4  0  
00004-007FF   125  1919  
00800-00FFF     0  2048  



