
ROM used: 2176 (53%)
          2278 (56%) including unused fragments

          2 Average locations per line
          9 Average locations per statement

RAM used: 16 (6%) at main() level
          81 (32%) worst case

Stack used: 5 worst case (out of 6 total available)

Lines Stmts  %   Files
----- ----- ---  -----
   73    17   7  H:\Digital Systems 3\Tutorial 9\main.c
  375     0   0  C:\PROGRA~1\PICC\devices\16F690.h
   15     0   0  H:\Digital Systems 3\Tutorial 9\main.h
  765   238  93  C:\PROGRA~1\PICC\drivers\math.h
----- -----
 1228   255 Total

Page ROM  %  RAM   Vol Diff  Functions:
---- --- --- ---   --- ----  ----------
0     63   3  10             @FLT
0     31   1   4             @SFTOI
 Inline        2             @ITOF
0    202   9  14             @DIVFF
0    321  15  16             @ADDFF
0    117   5  13             @MULFF
0    475  22  22  1027  7.1  exp
0     37   2   2             @SITOF
0    574  26  25  1150  8.5  log
 Inline       13   163  4.7  pow
0     20   1   1             @delay_ms1
0     31   1   0    25  1.1  MAIN
1    230  11   9   221  4.3  run
 Inline        1    24  1.2  display
0     12   1   0    67  1.2  setup
0     10   0   1    17  0.8  isrext

Program metrics:
    Functions               8
    Statements              255
    Comments                286
    Volume (V)              3701
    Difficilty (D)          28.9
    Effort to implement (E) 106877
    Time to implement (T)   1 hours, 39 minutes
    Est Delivered Bugs (B)  1
    Cyclomatic Complexity   6
    Maintainability (MI)    91

 Segment     Used  Free
-----------  ----  ----
00000-00003     4  0  
00004-00034    49  0  
00035-007FF  1893  102  
00800-00FFF   230  1818  



