
ROM used: 75 (2%)
          75 (2%) including unused fragments

          0 Average locations per line
          7 Average locations per statement

RAM used: 14 (6%) at main() level
          14 (6%) worst case

Stack used: 0 worst case (out of 8 total available)

Lines Stmts  %   Files
----- ----- ---  -----
   74    11 100  main.c
  379     0   0  ..\..\..\..\..\..\..\PROGRA~2\PICC\devices\16F690.h
   16     0   0  main.h
----- -----
  469    11 Total

Page ROM  %  RAM   Vol Diff  Functions:
---- --- --- ---   --- ----  ----------
0     71  95   0   501  3.9  main

Program metrics:
    Functions               1
    Statements              11
    Comments                86
    Volume (V)              501
    Difficilty (D)          3.9
    Effort to implement (E) 1939
    Time to implement (T)   2 minutes
    Est Delivered Bugs (B)  0
    Cyclomatic Complexity   1
    Maintainability (MI)    148

 Segment     Used  Free
-----------  ----  ----
00000-00003     4  0  
00004-007FF    71  1973  
00800-00EFF     0  1792  



