
ROM used: 119 (3%)
          119 (3%) including unused fragments

          0 Average locations per line
          15 Average locations per statement

RAM used: 25 (10%) at main() level
          28 (12%) worst case

Stack used: 1 worst case (out of 8 total available)

Lines Stmts  %   Files
----- ----- ---  -----
   49     8 100  main.c
  379     0   0  ..\..\..\..\..\..\..\..\..\PROGRA~2\PICC\devices\16F690.h
   17     0   0  main.h
----- -----
  445     8 Total

Page ROM  %  RAM   Vol Diff  Functions:
---- --- --- ---   --- ----  ----------
 Inline        1             @delay_ms1
0     66  55   0    16  1.0  main
0     49  41   1   145  3.5  run
 Inline        2    33  1.7  display

Program metrics:
    Functions               3
    Statements              8
    Comments                92
    Volume (V)              255
    Difficilty (D)          6.0
    Effort to implement (E) 1533
    Time to implement (T)   1 minutes
    Est Delivered Bugs (B)  0
    Cyclomatic Complexity   1
    Maintainability (MI)    169

 Segment     Used  Free
-----------  ----  ----
00000-00003     4  0  
00004-007FF   115  1929  
00800-00EFF     0  1792  



