
ROM used: 1032 (25%)
          1032 (25%) including unused fragments

          2 Average locations per line
          17 Average locations per statement

RAM used: 8 (3%) at main() level
          47 (19%) worst case

Stack used: 3 worst case (out of 8 total available)

Lines Stmts  %   Files
----- ----- ---  -----
  126    61 100  H:\Digital Systems 3\Tutorial 7\main.c
  375     0   0  C:\PROGRA~1\PICC\devices\16F690.h
   22     0   0  H:\Digital Systems 3\Tutorial 7\main.h
----- -----
  523    61 Total

Page ROM  %  RAM   Vol Diff  Functions:
---- --- --- ---   --- ----  ----------
0     20   2   1             @delay_ms1
0     31   3   0    25  1.1  main
0    352  34   2   357  4.9  run
 Inline        2             @ITOF
 Inline       14             @DIVFF
0     13   1   1             @SPRINTF
 Inline       13             @MULFF
 Inline        5             @FTOSD
0     66   6  13             @DIV3232
0    347  34  13             @PRINTF_L32D_61FPFPF
0      6   1   0             @const74
0     27   3   1   119  1.3  display
0    166  16   0    80  1.2  setup
 Inline        0   824  1.5  setup_lcd
 Inline        0   106  1.3  clear

Program metrics:
    Functions               6
    Statements              61
    Comments                96
    Volume (V)              2125
    Difficilty (D)          11.2
    Effort to implement (E) 23726
    Time to implement (T)   22 minutes
    Est Delivered Bugs (B)  0
    Cyclomatic Complexity   1
    Maintainability (MI)    99

 Segment     Used  Free
-----------  ----  ----
00000-00003     4  0  
00004-007FF  1028  1016  
00800-00FFF     0  2048  



