
ROM used: 370 (10%)
          370 (10%) including unused fragments

          1 Average locations per line
          5 Average locations per statement

RAM used: 8 (3%) at main() level
          10 (4%) worst case

Stack used: 2 worst case (out of 8 total available)

Lines Stmts  %   Files
----- ----- ---  -----
  154    74 100  main.c
  379     0   0  ..\..\..\..\..\..\..\..\..\PROGRA~2\PICC\devices\16F690.h
   26     0   0  main.h
----- -----
  559    74 Total

Page ROM  %  RAM   Vol Diff  Functions:
---- --- --- ---   --- ----  ----------
0     20   5   1             @delay_ms1
0     39  11   0    25  1.1  main
0    117  32   2   352  4.0  run
0     47  13   0             @const58
 Inline        1   119  1.3  display
0    143  39   0    27  0.9  setup
 Inline        0   824  1.5  setup_lcd
 Inline        0   106  1.3  clear
 Inline        0   106  1.3  next_line

Program metrics:
    Functions               7
    Statements              74
    Comments                106
    Volume (V)              2238
    Difficilty (D)          12.1
    Effort to implement (E) 27029
    Time to implement (T)   25 minutes
    Est Delivered Bugs (B)  0
    Cyclomatic Complexity   2
    Maintainability (MI)    90

 Segment     Used  Free
-----------  ----  ----
00000-00003     4  0  
00004-007FF   366  1678  
00800-00EFF     0  1792  



